2021-01-12 16:43:47.921 [main] INFO  com.boraydata.hygiene.HygieneApplication - Starting HygieneApplication using Java 1.8.0_271 on DESKTOP-3P3OQPU with PID 10816 (D:\hygiene\target\classes started by 64240 in D:\hygiene)
2021-01-12 16:43:47.924 [main] DEBUG com.boraydata.hygiene.HygieneApplication - Running with Spring Boot v2.4.1, Spring v5.3.2
2021-01-12 16:43:47.924 [main] INFO  com.boraydata.hygiene.HygieneApplication - No active profile set, falling back to default profiles: default
2021-01-12 16:43:48.433 [main] DEBUG org.apache.ibatis.logging.LogFactory - Logging initialized using 'class org.apache.ibatis.logging.slf4j.Slf4jImpl' adapter.
2021-01-12 16:43:48.435 [main] DEBUG org.mybatis.spring.mapper.ClassPathMapperScanner - Identified candidate component class: file [D:\hygiene\target\classes\com\boraydata\hygiene\dal\mapper\TestMapper.class]
2021-01-12 16:43:48.447 [main] DEBUG org.mybatis.spring.mapper.ClassPathMapperScanner - Creating MapperFactoryBean with name 'testMapper' and 'com.boraydata.hygiene.dal.mapper.TestMapper' mapperInterface
2021-01-12 16:43:48.449 [main] DEBUG org.mybatis.spring.mapper.ClassPathMapperScanner - Enabling autowire by type for MapperFactoryBean with name 'testMapper'.
2021-01-12 16:43:48.722 [main] INFO  org.apache.coyote.http11.Http11NioProtocol - Initializing ProtocolHandler ["http-nio-8081"]
2021-01-12 16:43:48.723 [main] INFO  org.apache.catalina.core.StandardService - Starting service [Tomcat]
2021-01-12 16:43:48.723 [main] INFO  org.apache.catalina.core.StandardEngine - Starting Servlet engine: [Apache Tomcat/9.0.41]
2021-01-12 16:43:48.855 [main] INFO  org.apache.catalina.core.ContainerBase.[Tomcat].[localhost].[/] - Initializing Spring embedded WebApplicationContext
2021-01-12 16:43:48.948 [main] INFO  com.alibaba.druid.spring.boot.autoconfigure.DruidDataSourceAutoConfigure - Init DruidDataSource
2021-01-12 16:43:49.054 [main] INFO  com.alibaba.druid.pool.DruidDataSource - {dataSource-1} inited
2021-01-12 16:43:49.106 [main] DEBUG org.mybatis.spring.SqlSessionFactoryBean - Property 'mapperLocations' was not specified.
2021-01-12 16:43:49.393 [main] INFO  org.apache.coyote.http11.Http11NioProtocol - Starting ProtocolHandler ["http-nio-8081"]
2021-01-12 16:43:49.417 [main] INFO  com.boraydata.hygiene.HygieneApplication - Started HygieneApplication in 1.823 seconds (JVM running for 3.363)
2021-01-12 16:44:02.965 [http-nio-8081-exec-2] INFO  org.apache.catalina.core.ContainerBase.[Tomcat].[localhost].[/] - Initializing Spring DispatcherServlet 'dispatcherServlet'
2021-01-12 16:44:02.983 [http-nio-8081-exec-2] DEBUG org.mybatis.spring.SqlSessionUtils - Creating a new SqlSession
2021-01-12 16:44:02.986 [http-nio-8081-exec-2] DEBUG org.mybatis.spring.SqlSessionUtils - SqlSession [org.apache.ibatis.session.defaults.DefaultSqlSession@11ed0838] was not registered for synchronization because synchronization is not active
2021-01-12 16:44:03.489 [http-nio-8081-exec-2] DEBUG org.mybatis.spring.transaction.SpringManagedTransaction - JDBC Connection [com.mysql.cj.jdbc.ConnectionImpl@b1de117] will not be managed by Spring
2021-01-12 16:44:03.496 [http-nio-8081-exec-2] DEBUG com.boraydata.hygiene.dal.mapper.TestMapper.listTestInfo - ==>  Preparing: select id, user_name userName, create_time createTime, update_time updateTime from hygiene.test
2021-01-12 16:44:03.516 [http-nio-8081-exec-2] DEBUG com.boraydata.hygiene.dal.mapper.TestMapper.listTestInfo - ==> Parameters: 
2021-01-12 16:44:03.539 [http-nio-8081-exec-2] DEBUG com.boraydata.hygiene.dal.mapper.TestMapper.listTestInfo - <==      Total: 2
2021-01-12 16:44:03.540 [http-nio-8081-exec-2] DEBUG org.mybatis.spring.SqlSessionUtils - Closing non transactional SqlSession [org.apache.ibatis.session.defaults.DefaultSqlSession@11ed0838]
2021-01-12 16:44:03.550 [http-nio-8081-exec-2] ERROR org.apache.catalina.core.ContainerBase.[Tomcat].[localhost].[/].[dispatcherServlet] - Servlet.service() for servlet [dispatcherServlet] in context with path [] threw exception [Request processing failed; nested exception is java.lang.IllegalArgumentException: not support type : class com.boraydata.hygiene.dal.entity.TestEntity] with root cause
java.lang.IllegalArgumentException: not support type : class com.boraydata.hygiene.dal.entity.TestEntity
	at com.alibaba.druid.support.json.JSONWriter.writeObject(JSONWriter.java:138)
	at com.alibaba.druid.support.json.JSONWriter.writeArray(JSONWriter.java:197)
	at com.alibaba.druid.support.json.JSONWriter.writeObject(JSONWriter.java:83)
	at com.alibaba.druid.support.json.JSONUtils.toJSONString(JSONUtils.java:22)
	at com.boraydata.hygiene.web.business.TestBusiness.test(TestBusiness.java:22)
	at com.boraydata.hygiene.web.controller.TestController.test(TestController.java:24)
	at sun.reflect.NativeMethodAccessorImpl.invoke0(Native Method)
	at sun.reflect.NativeMethodAccessorImpl.invoke(NativeMethodAccessorImpl.java:62)
	at sun.reflect.DelegatingMethodAccessorImpl.invoke(DelegatingMethodAccessorImpl.java:43)
	at java.lang.reflect.Method.invoke(Method.java:498)
	at org.springframework.web.method.support.InvocableHandlerMethod.doInvoke(InvocableHandlerMethod.java:197)
	at org.springframework.web.method.support.InvocableHandlerMethod.invokeForRequest(InvocableHandlerMethod.java:141)
	at org.springframework.web.servlet.mvc.method.annotation.ServletInvocableHandlerMethod.invokeAndHandle(ServletInvocableHandlerMethod.java:106)
	at org.springframework.web.servlet.mvc.method.annotation.RequestMappingHandlerAdapter.invokeHandlerMethod(RequestMappingHandlerAdapter.java:894)
	at org.springframework.web.servlet.mvc.method.annotation.RequestMappingHandlerAdapter.handleInternal(RequestMappingHandlerAdapter.java:808)
	at org.springframework.web.servlet.mvc.method.AbstractHandlerMethodAdapter.handle(AbstractHandlerMethodAdapter.java:87)
	at org.springframework.web.servlet.DispatcherServlet.doDispatch(DispatcherServlet.java:1061)
	at org.springframework.web.servlet.DispatcherServlet.doService(DispatcherServlet.java:961)
	at org.springframework.web.servlet.FrameworkServlet.processRequest(FrameworkServlet.java:1006)
	at org.springframework.web.servlet.FrameworkServlet.doGet(FrameworkServlet.java:898)
	at javax.servlet.http.HttpServlet.service(HttpServlet.java:626)
	at org.springframework.web.servlet.FrameworkServlet.service(FrameworkServlet.java:883)
	at javax.servlet.http.HttpServlet.service(HttpServlet.java:733)
	at org.apache.catalina.core.ApplicationFilterChain.internalDoFilter(ApplicationFilterChain.java:231)
	at org.apache.catalina.core.ApplicationFilterChain.doFilter(ApplicationFilterChain.java:166)
	at org.apache.tomcat.websocket.server.WsFilter.doFilter(WsFilter.java:53)
	at org.apache.catalina.core.ApplicationFilterChain.internalDoFilter(ApplicationFilterChain.java:193)
	at org.apache.catalina.core.ApplicationFilterChain.doFilter(ApplicationFilterChain.java:166)
	at org.springframework.web.filter.RequestContextFilter.doFilterInternal(RequestContextFilter.java:100)
	at org.springframework.web.filter.OncePerRequestFilter.doFilter(OncePerRequestFilter.java:119)
	at org.apache.catalina.core.ApplicationFilterChain.internalDoFilter(ApplicationFilterChain.java:193)
	at org.apache.catalina.core.ApplicationFilterChain.doFilter(ApplicationFilterChain.java:166)
	at org.springframework.web.filter.FormContentFilter.doFilterInternal(FormContentFilter.java:93)
	at org.springframework.web.filter.OncePerRequestFilter.doFilter(OncePerRequestFilter.java:119)
	at org.apache.catalina.core.ApplicationFilterChain.internalDoFilter(ApplicationFilterChain.java:193)
	at org.apache.catalina.core.ApplicationFilterChain.doFilter(ApplicationFilterChain.java:166)
	at org.springframework.web.filter.CharacterEncodingFilter.doFilterInternal(CharacterEncodingFilter.java:201)
	at org.springframework.web.filter.OncePerRequestFilter.doFilter(OncePerRequestFilter.java:119)
	at org.apache.catalina.core.ApplicationFilterChain.internalDoFilter(ApplicationFilterChain.java:193)
	at org.apache.catalina.core.ApplicationFilterChain.doFilter(ApplicationFilterChain.java:166)
	at org.apache.catalina.core.StandardWrapperValve.invoke(StandardWrapperValve.java:202)
	at org.apache.catalina.core.StandardContextValve.invoke(StandardContextValve.java:97)
	at org.apache.catalina.authenticator.AuthenticatorBase.invoke(AuthenticatorBase.java:542)
	at org.apache.catalina.core.StandardHostValve.invoke(StandardHostValve.java:143)
	at org.apache.catalina.valves.ErrorReportValve.invoke(ErrorReportValve.java:92)
	at org.apache.catalina.core.StandardEngineValve.invoke(StandardEngineValve.java:78)
	at org.apache.catalina.connector.CoyoteAdapter.service(CoyoteAdapter.java:343)
	at org.apache.coyote.http11.Http11Processor.service(Http11Processor.java:374)
	at org.apache.coyote.AbstractProcessorLight.process(AbstractProcessorLight.java:65)
	at org.apache.coyote.AbstractProtocol$ConnectionHandler.process(AbstractProtocol.java:888)
	at org.apache.tomcat.util.net.NioEndpoint$SocketProcessor.doRun(NioEndpoint.java:1597)
	at org.apache.tomcat.util.net.SocketProcessorBase.run(SocketProcessorBase.java:49)
	at java.util.concurrent.ThreadPoolExecutor.runWorker(ThreadPoolExecutor.java:1149)
	at java.util.concurrent.ThreadPoolExecutor$Worker.run(ThreadPoolExecutor.java:624)
	at org.apache.tomcat.util.threads.TaskThread$WrappingRunnable.run(TaskThread.java:61)
	at java.lang.Thread.run(Thread.java:748)
2021-01-12 16:44:29.131 [http-nio-8081-exec-4] DEBUG org.mybatis.spring.SqlSessionUtils - Creating a new SqlSession
2021-01-12 16:44:29.131 [http-nio-8081-exec-4] DEBUG org.mybatis.spring.SqlSessionUtils - SqlSession [org.apache.ibatis.session.defaults.DefaultSqlSession@57b8cb2f] was not registered for synchronization because synchronization is not active
2021-01-12 16:44:29.131 [http-nio-8081-exec-4] DEBUG org.mybatis.spring.transaction.SpringManagedTransaction - JDBC Connection [com.mysql.cj.jdbc.ConnectionImpl@b1de117] will not be managed by Spring
2021-01-12 16:44:29.131 [http-nio-8081-exec-4] DEBUG com.boraydata.hygiene.dal.mapper.TestMapper.listTestInfo - ==>  Preparing: select id, user_name userName, create_time createTime, update_time updateTime from hygiene.test
2021-01-12 16:44:29.131 [http-nio-8081-exec-4] DEBUG com.boraydata.hygiene.dal.mapper.TestMapper.listTestInfo - ==> Parameters: 
2021-01-12 16:44:29.135 [http-nio-8081-exec-4] DEBUG com.boraydata.hygiene.dal.mapper.TestMapper.listTestInfo - <==      Total: 2
2021-01-12 16:44:29.135 [http-nio-8081-exec-4] DEBUG org.mybatis.spring.SqlSessionUtils - Closing non transactional SqlSession [org.apache.ibatis.session.defaults.DefaultSqlSession@57b8cb2f]
2021-01-12 16:44:32.365 [http-nio-8081-exec-4] ERROR org.apache.catalina.core.ContainerBase.[Tomcat].[localhost].[/].[dispatcherServlet] - Servlet.service() for servlet [dispatcherServlet] in context with path [] threw exception [Request processing failed; nested exception is java.lang.IllegalArgumentException: not support type : class com.boraydata.hygiene.dal.entity.TestEntity] with root cause
java.lang.IllegalArgumentException: not support type : class com.boraydata.hygiene.dal.entity.TestEntity
	at com.alibaba.druid.support.json.JSONWriter.writeObject(JSONWriter.java:138)
	at com.alibaba.druid.support.json.JSONWriter.writeArray(JSONWriter.java:197)
	at com.alibaba.druid.support.json.JSONWriter.writeObject(JSONWriter.java:83)
	at com.alibaba.druid.support.json.JSONUtils.toJSONString(JSONUtils.java:22)
	at com.boraydata.hygiene.web.business.TestBusiness.test(TestBusiness.java:22)
	at com.boraydata.hygiene.web.controller.TestController.test(TestController.java:24)
	at sun.reflect.NativeMethodAccessorImpl.invoke0(Native Method)
	at sun.reflect.NativeMethodAccessorImpl.invoke(NativeMethodAccessorImpl.java:62)
	at sun.reflect.DelegatingMethodAccessorImpl.invoke(DelegatingMethodAccessorImpl.java:43)
	at java.lang.reflect.Method.invoke(Method.java:498)
	at org.springframework.web.method.support.InvocableHandlerMethod.doInvoke(InvocableHandlerMethod.java:197)
	at org.springframework.web.method.support.InvocableHandlerMethod.invokeForRequest(InvocableHandlerMethod.java:141)
	at org.springframework.web.servlet.mvc.method.annotation.ServletInvocableHandlerMethod.invokeAndHandle(ServletInvocableHandlerMethod.java:106)
	at org.springframework.web.servlet.mvc.method.annotation.RequestMappingHandlerAdapter.invokeHandlerMethod(RequestMappingHandlerAdapter.java:894)
	at org.springframework.web.servlet.mvc.method.annotation.RequestMappingHandlerAdapter.handleInternal(RequestMappingHandlerAdapter.java:808)
	at org.springframework.web.servlet.mvc.method.AbstractHandlerMethodAdapter.handle(AbstractHandlerMethodAdapter.java:87)
	at org.springframework.web.servlet.DispatcherServlet.doDispatch(DispatcherServlet.java:1061)
	at org.springframework.web.servlet.DispatcherServlet.doService(DispatcherServlet.java:961)
	at org.springframework.web.servlet.FrameworkServlet.processRequest(FrameworkServlet.java:1006)
	at org.springframework.web.servlet.FrameworkServlet.doGet(FrameworkServlet.java:898)
	at javax.servlet.http.HttpServlet.service(HttpServlet.java:626)
	at org.springframework.web.servlet.FrameworkServlet.service(FrameworkServlet.java:883)
	at javax.servlet.http.HttpServlet.service(HttpServlet.java:733)
	at org.apache.catalina.core.ApplicationFilterChain.internalDoFilter(ApplicationFilterChain.java:231)
	at org.apache.catalina.core.ApplicationFilterChain.doFilter(ApplicationFilterChain.java:166)
	at org.apache.tomcat.websocket.server.WsFilter.doFilter(WsFilter.java:53)
	at org.apache.catalina.core.ApplicationFilterChain.internalDoFilter(ApplicationFilterChain.java:193)
	at org.apache.catalina.core.ApplicationFilterChain.doFilter(ApplicationFilterChain.java:166)
	at org.springframework.web.filter.RequestContextFilter.doFilterInternal(RequestContextFilter.java:100)
	at org.springframework.web.filter.OncePerRequestFilter.doFilter(OncePerRequestFilter.java:119)
	at org.apache.catalina.core.ApplicationFilterChain.internalDoFilter(ApplicationFilterChain.java:193)
	at org.apache.catalina.core.ApplicationFilterChain.doFilter(ApplicationFilterChain.java:166)
	at org.springframework.web.filter.FormContentFilter.doFilterInternal(FormContentFilter.java:93)
	at org.springframework.web.filter.OncePerRequestFilter.doFilter(OncePerRequestFilter.java:119)
	at org.apache.catalina.core.ApplicationFilterChain.internalDoFilter(ApplicationFilterChain.java:193)
	at org.apache.catalina.core.ApplicationFilterChain.doFilter(ApplicationFilterChain.java:166)
	at org.springframework.web.filter.CharacterEncodingFilter.doFilterInternal(CharacterEncodingFilter.java:201)
	at org.springframework.web.filter.OncePerRequestFilter.doFilter(OncePerRequestFilter.java:119)
	at org.apache.catalina.core.ApplicationFilterChain.internalDoFilter(ApplicationFilterChain.java:193)
	at org.apache.catalina.core.ApplicationFilterChain.doFilter(ApplicationFilterChain.java:166)
	at org.apache.catalina.core.StandardWrapperValve.invoke(StandardWrapperValve.java:202)
	at org.apache.catalina.core.StandardContextValve.invoke(StandardContextValve.java:97)
	at org.apache.catalina.authenticator.AuthenticatorBase.invoke(AuthenticatorBase.java:542)
	at org.apache.catalina.core.StandardHostValve.invoke(StandardHostValve.java:143)
	at org.apache.catalina.valves.ErrorReportValve.invoke(ErrorReportValve.java:92)
	at org.apache.catalina.core.StandardEngineValve.invoke(StandardEngineValve.java:78)
	at org.apache.catalina.connector.CoyoteAdapter.service(CoyoteAdapter.java:343)
	at org.apache.coyote.http11.Http11Processor.service(Http11Processor.java:374)
	at org.apache.coyote.AbstractProcessorLight.process(AbstractProcessorLight.java:65)
	at org.apache.coyote.AbstractProtocol$ConnectionHandler.process(AbstractProtocol.java:888)
	at org.apache.tomcat.util.net.NioEndpoint$SocketProcessor.doRun(NioEndpoint.java:1597)
	at org.apache.tomcat.util.net.SocketProcessorBase.run(SocketProcessorBase.java:49)
	at java.util.concurrent.ThreadPoolExecutor.runWorker(ThreadPoolExecutor.java:1149)
	at java.util.concurrent.ThreadPoolExecutor$Worker.run(ThreadPoolExecutor.java:624)
	at org.apache.tomcat.util.threads.TaskThread$WrappingRunnable.run(TaskThread.java:61)
	at java.lang.Thread.run(Thread.java:748)
2021-01-12 16:46:23.466 [main] INFO  com.boraydata.hygiene.HygieneApplication - Starting HygieneApplication using Java 1.8.0_271 on DESKTOP-3P3OQPU with PID 1972 (D:\hygiene\target\classes started by 64240 in D:\hygiene)
2021-01-12 16:46:23.469 [main] DEBUG com.boraydata.hygiene.HygieneApplication - Running with Spring Boot v2.4.1, Spring v5.3.2
2021-01-12 16:46:23.470 [main] INFO  com.boraydata.hygiene.HygieneApplication - No active profile set, falling back to default profiles: default
2021-01-12 16:46:24.054 [main] DEBUG org.apache.ibatis.logging.LogFactory - Logging initialized using 'class org.apache.ibatis.logging.slf4j.Slf4jImpl' adapter.
2021-01-12 16:46:24.056 [main] DEBUG org.mybatis.spring.mapper.ClassPathMapperScanner - Identified candidate component class: file [D:\hygiene\target\classes\com\boraydata\hygiene\dal\mapper\TestMapper.class]
2021-01-12 16:46:24.057 [main] DEBUG org.mybatis.spring.mapper.ClassPathMapperScanner - Creating MapperFactoryBean with name 'testMapper' and 'com.boraydata.hygiene.dal.mapper.TestMapper' mapperInterface
2021-01-12 16:46:24.058 [main] DEBUG org.mybatis.spring.mapper.ClassPathMapperScanner - Enabling autowire by type for MapperFactoryBean with name 'testMapper'.
2021-01-12 16:46:24.363 [main] INFO  org.apache.coyote.http11.Http11NioProtocol - Initializing ProtocolHandler ["http-nio-8081"]
2021-01-12 16:46:24.364 [main] INFO  org.apache.catalina.core.StandardService - Starting service [Tomcat]
2021-01-12 16:46:24.364 [main] INFO  org.apache.catalina.core.StandardEngine - Starting Servlet engine: [Apache Tomcat/9.0.41]
2021-01-12 16:46:24.468 [main] INFO  org.apache.catalina.core.ContainerBase.[Tomcat].[localhost].[/] - Initializing Spring embedded WebApplicationContext
2021-01-12 16:46:24.528 [main] INFO  com.alibaba.druid.spring.boot.autoconfigure.DruidDataSourceAutoConfigure - Init DruidDataSource
2021-01-12 16:46:24.620 [main] INFO  com.alibaba.druid.pool.DruidDataSource - {dataSource-1} inited
2021-01-12 16:46:24.679 [main] DEBUG org.mybatis.spring.SqlSessionFactoryBean - Property 'mapperLocations' was not specified.
2021-01-12 16:46:25.029 [main] INFO  org.apache.coyote.http11.Http11NioProtocol - Starting ProtocolHandler ["http-nio-8081"]
2021-01-12 16:46:25.057 [main] INFO  com.boraydata.hygiene.HygieneApplication - Started HygieneApplication in 1.934 seconds (JVM running for 2.894)
2021-01-12 16:46:31.400 [http-nio-8081-exec-2] INFO  org.apache.catalina.core.ContainerBase.[Tomcat].[localhost].[/] - Initializing Spring DispatcherServlet 'dispatcherServlet'
2021-01-12 16:46:31.423 [http-nio-8081-exec-2] DEBUG org.mybatis.spring.SqlSessionUtils - Creating a new SqlSession
2021-01-12 16:46:31.427 [http-nio-8081-exec-2] DEBUG org.mybatis.spring.SqlSessionUtils - SqlSession [org.apache.ibatis.session.defaults.DefaultSqlSession@2c39bc6b] was not registered for synchronization because synchronization is not active
2021-01-12 16:46:31.983 [http-nio-8081-exec-2] DEBUG org.mybatis.spring.transaction.SpringManagedTransaction - JDBC Connection [com.mysql.cj.jdbc.ConnectionImpl@f6d544e] will not be managed by Spring
2021-01-12 16:46:31.988 [http-nio-8081-exec-2] DEBUG com.boraydata.hygiene.dal.mapper.TestMapper.listTestInfo - ==>  Preparing: select id, user_name userName, create_time createTime, update_time updateTime from hygiene.test
2021-01-12 16:46:32.008 [http-nio-8081-exec-2] DEBUG com.boraydata.hygiene.dal.mapper.TestMapper.listTestInfo - ==> Parameters: 
2021-01-12 16:46:32.031 [http-nio-8081-exec-2] DEBUG com.boraydata.hygiene.dal.mapper.TestMapper.listTestInfo - <==      Total: 2
2021-01-12 16:46:32.032 [http-nio-8081-exec-2] DEBUG org.mybatis.spring.SqlSessionUtils - Closing non transactional SqlSession [org.apache.ibatis.session.defaults.DefaultSqlSession@2c39bc6b]
2021-01-12 16:46:35.073 [http-nio-8081-exec-2] ERROR org.apache.catalina.core.ContainerBase.[Tomcat].[localhost].[/].[dispatcherServlet] - Servlet.service() for servlet [dispatcherServlet] in context with path [] threw exception [Request processing failed; nested exception is java.lang.IllegalArgumentException: not support type : class com.boraydata.hygiene.dal.entity.TestEntity] with root cause
java.lang.IllegalArgumentException: not support type : class com.boraydata.hygiene.dal.entity.TestEntity
	at com.alibaba.druid.support.json.JSONWriter.writeObject(JSONWriter.java:138)
	at com.alibaba.druid.support.json.JSONWriter.writeArray(JSONWriter.java:197)
	at com.alibaba.druid.support.json.JSONWriter.writeObject(JSONWriter.java:83)
	at com.alibaba.druid.support.json.JSONUtils.toJSONString(JSONUtils.java:22)
	at com.boraydata.hygiene.web.business.TestBusiness.test(TestBusiness.java:22)
	at com.boraydata.hygiene.web.controller.TestController.test(TestController.java:24)
	at sun.reflect.NativeMethodAccessorImpl.invoke0(Native Method)
	at sun.reflect.NativeMethodAccessorImpl.invoke(NativeMethodAccessorImpl.java:62)
	at sun.reflect.DelegatingMethodAccessorImpl.invoke(DelegatingMethodAccessorImpl.java:43)
	at java.lang.reflect.Method.invoke(Method.java:498)
	at org.springframework.web.method.support.InvocableHandlerMethod.doInvoke(InvocableHandlerMethod.java:197)
	at org.springframework.web.method.support.InvocableHandlerMethod.invokeForRequest(InvocableHandlerMethod.java:141)
	at org.springframework.web.servlet.mvc.method.annotation.ServletInvocableHandlerMethod.invokeAndHandle(ServletInvocableHandlerMethod.java:106)
	at org.springframework.web.servlet.mvc.method.annotation.RequestMappingHandlerAdapter.invokeHandlerMethod(RequestMappingHandlerAdapter.java:894)
	at org.springframework.web.servlet.mvc.method.annotation.RequestMappingHandlerAdapter.handleInternal(RequestMappingHandlerAdapter.java:808)
	at org.springframework.web.servlet.mvc.method.AbstractHandlerMethodAdapter.handle(AbstractHandlerMethodAdapter.java:87)
	at org.springframework.web.servlet.DispatcherServlet.doDispatch(DispatcherServlet.java:1061)
	at org.springframework.web.servlet.DispatcherServlet.doService(DispatcherServlet.java:961)
	at org.springframework.web.servlet.FrameworkServlet.processRequest(FrameworkServlet.java:1006)
	at org.springframework.web.servlet.FrameworkServlet.doGet(FrameworkServlet.java:898)
	at javax.servlet.http.HttpServlet.service(HttpServlet.java:626)
	at org.springframework.web.servlet.FrameworkServlet.service(FrameworkServlet.java:883)
	at javax.servlet.http.HttpServlet.service(HttpServlet.java:733)
	at org.apache.catalina.core.ApplicationFilterChain.internalDoFilter(ApplicationFilterChain.java:231)
	at org.apache.catalina.core.ApplicationFilterChain.doFilter(ApplicationFilterChain.java:166)
	at org.apache.tomcat.websocket.server.WsFilter.doFilter(WsFilter.java:53)
	at org.apache.catalina.core.ApplicationFilterChain.internalDoFilter(ApplicationFilterChain.java:193)
	at org.apache.catalina.core.ApplicationFilterChain.doFilter(ApplicationFilterChain.java:166)
	at org.springframework.web.filter.RequestContextFilter.doFilterInternal(RequestContextFilter.java:100)
	at org.springframework.web.filter.OncePerRequestFilter.doFilter(OncePerRequestFilter.java:119)
	at org.apache.catalina.core.ApplicationFilterChain.internalDoFilter(ApplicationFilterChain.java:193)
	at org.apache.catalina.core.ApplicationFilterChain.doFilter(ApplicationFilterChain.java:166)
	at org.springframework.web.filter.FormContentFilter.doFilterInternal(FormContentFilter.java:93)
	at org.springframework.web.filter.OncePerRequestFilter.doFilter(OncePerRequestFilter.java:119)
	at org.apache.catalina.core.ApplicationFilterChain.internalDoFilter(ApplicationFilterChain.java:193)
	at org.apache.catalina.core.ApplicationFilterChain.doFilter(ApplicationFilterChain.java:166)
	at org.springframework.web.filter.CharacterEncodingFilter.doFilterInternal(CharacterEncodingFilter.java:201)
	at org.springframework.web.filter.OncePerRequestFilter.doFilter(OncePerRequestFilter.java:119)
	at org.apache.catalina.core.ApplicationFilterChain.internalDoFilter(ApplicationFilterChain.java:193)
	at org.apache.catalina.core.ApplicationFilterChain.doFilter(ApplicationFilterChain.java:166)
	at org.apache.catalina.core.StandardWrapperValve.invoke(StandardWrapperValve.java:202)
	at org.apache.catalina.core.StandardContextValve.invoke(StandardContextValve.java:97)
	at org.apache.catalina.authenticator.AuthenticatorBase.invoke(AuthenticatorBase.java:542)
	at org.apache.catalina.core.StandardHostValve.invoke(StandardHostValve.java:143)
	at org.apache.catalina.valves.ErrorReportValve.invoke(ErrorReportValve.java:92)
	at org.apache.catalina.core.StandardEngineValve.invoke(StandardEngineValve.java:78)
	at org.apache.catalina.connector.CoyoteAdapter.service(CoyoteAdapter.java:343)
	at org.apache.coyote.http11.Http11Processor.service(Http11Processor.java:374)
	at org.apache.coyote.AbstractProcessorLight.process(AbstractProcessorLight.java:65)
	at org.apache.coyote.AbstractProtocol$ConnectionHandler.process(AbstractProtocol.java:888)
	at org.apache.tomcat.util.net.NioEndpoint$SocketProcessor.doRun(NioEndpoint.java:1597)
	at org.apache.tomcat.util.net.SocketProcessorBase.run(SocketProcessorBase.java:49)
	at java.util.concurrent.ThreadPoolExecutor.runWorker(ThreadPoolExecutor.java:1149)
	at java.util.concurrent.ThreadPoolExecutor$Worker.run(ThreadPoolExecutor.java:624)
	at org.apache.tomcat.util.threads.TaskThread$WrappingRunnable.run(TaskThread.java:61)
	at java.lang.Thread.run(Thread.java:748)
2021-01-12 16:46:51.157 [SpringContextShutdownHook] INFO  com.alibaba.druid.pool.DruidDataSource - {dataSource-1} closing ...
2021-01-12 16:46:51.160 [SpringContextShutdownHook] INFO  com.alibaba.druid.pool.DruidDataSource - {dataSource-1} closed
2021-01-12 16:58:03.853 [main] INFO  com.boraydata.hygiene.HygieneApplication - Starting HygieneApplication using Java 1.8.0_271 on DESKTOP-3P3OQPU with PID 2840 (D:\hygiene\target\classes started by 64240 in D:\hygiene)
2021-01-12 16:58:03.855 [main] DEBUG com.boraydata.hygiene.HygieneApplication - Running with Spring Boot v2.4.1, Spring v5.3.2
2021-01-12 16:58:03.855 [main] INFO  com.boraydata.hygiene.HygieneApplication - No active profile set, falling back to default profiles: default
2021-01-12 16:58:04.354 [main] DEBUG org.apache.ibatis.logging.LogFactory - Logging initialized using 'class org.apache.ibatis.logging.slf4j.Slf4jImpl' adapter.
2021-01-12 16:58:04.356 [main] DEBUG org.mybatis.spring.mapper.ClassPathMapperScanner - Identified candidate component class: file [D:\hygiene\target\classes\com\boraydata\hygiene\dal\mapper\TestMapper.class]
2021-01-12 16:58:04.356 [main] DEBUG org.mybatis.spring.mapper.ClassPathMapperScanner - Creating MapperFactoryBean with name 'testMapper' and 'com.boraydata.hygiene.dal.mapper.TestMapper' mapperInterface
2021-01-12 16:58:04.357 [main] DEBUG org.mybatis.spring.mapper.ClassPathMapperScanner - Enabling autowire by type for MapperFactoryBean with name 'testMapper'.
2021-01-12 16:58:04.628 [main] INFO  org.apache.coyote.http11.Http11NioProtocol - Initializing ProtocolHandler ["http-nio-8081"]
2021-01-12 16:58:04.628 [main] INFO  org.apache.catalina.core.StandardService - Starting service [Tomcat]
2021-01-12 16:58:04.628 [main] INFO  org.apache.catalina.core.StandardEngine - Starting Servlet engine: [Apache Tomcat/9.0.41]
2021-01-12 16:58:04.733 [main] INFO  org.apache.catalina.core.ContainerBase.[Tomcat].[localhost].[/] - Initializing Spring embedded WebApplicationContext
2021-01-12 16:58:04.803 [main] INFO  com.alibaba.druid.spring.boot.autoconfigure.DruidDataSourceAutoConfigure - Init DruidDataSource
2021-01-12 16:58:04.936 [main] INFO  com.alibaba.druid.pool.DruidDataSource - {dataSource-1} inited
2021-01-12 16:58:05.014 [main] DEBUG org.mybatis.spring.SqlSessionFactoryBean - Property 'mapperLocations' was not specified.
2021-01-12 16:58:05.435 [main] INFO  org.apache.coyote.http11.Http11NioProtocol - Starting ProtocolHandler ["http-nio-8081"]
2021-01-12 16:58:05.464 [main] INFO  com.boraydata.hygiene.HygieneApplication - Started HygieneApplication in 1.896 seconds (JVM running for 3.699)
2021-01-12 16:58:08.607 [http-nio-8081-exec-2] INFO  org.apache.catalina.core.ContainerBase.[Tomcat].[localhost].[/] - Initializing Spring DispatcherServlet 'dispatcherServlet'
2021-01-12 16:58:08.627 [http-nio-8081-exec-2] DEBUG org.mybatis.spring.SqlSessionUtils - Creating a new SqlSession
2021-01-12 16:58:08.629 [http-nio-8081-exec-2] DEBUG org.mybatis.spring.SqlSessionUtils - SqlSession [org.apache.ibatis.session.defaults.DefaultSqlSession@4f3c6491] was not registered for synchronization because synchronization is not active
2021-01-12 16:58:09.133 [http-nio-8081-exec-2] DEBUG org.mybatis.spring.transaction.SpringManagedTransaction - JDBC Connection [com.mysql.cj.jdbc.ConnectionImpl@2780c58b] will not be managed by Spring
2021-01-12 16:58:09.137 [http-nio-8081-exec-2] DEBUG com.boraydata.hygiene.dal.mapper.TestMapper.listTestInfo - ==>  Preparing: select id, user_name userName, create_time createTime, update_time updateTime from hygiene.test
2021-01-12 16:58:09.155 [http-nio-8081-exec-2] DEBUG com.boraydata.hygiene.dal.mapper.TestMapper.listTestInfo - ==> Parameters: 
2021-01-12 16:58:09.177 [http-nio-8081-exec-2] DEBUG com.boraydata.hygiene.dal.mapper.TestMapper.listTestInfo - <==      Total: 2
2021-01-12 16:58:09.177 [http-nio-8081-exec-2] DEBUG org.mybatis.spring.SqlSessionUtils - Closing non transactional SqlSession [org.apache.ibatis.session.defaults.DefaultSqlSession@4f3c6491]
2021-01-12 16:58:11.515 [http-nio-8081-exec-2] INFO  com.boraydata.hygiene.web.business.TestBusiness - [{"createTime":1610397507000,"id":1,"updateTime":1610397514000,"userName":"测试"},{"createTime":1610484472000,"id":2,"updateTime":1610484474000,"userName":"测试2"}]
